<?xml version="1.0" encoding="UTF-8"?>
<!-- Generated by org.testng.reporters.JUnitXMLReporter -->
<testsuite hostname="Lenovo-PC" ignored="0" name="Test" tests="4" failures="0" timestamp="27 Aug 2020 10:12:12 GMT" time="51.1" errors="0">
  <testcase name="login" time="4.508" classname="com.Project.Main.LoginPage"/>
  <testcase name="signup" time="0.905" classname="com.Project.Main.LoginPage"/>
  <testcase name="signup" time="0.532" classname="com.Project.Main.LoginPage"/>
  <testcase name="signup" time="0.511" classname="com.Project.Main.LoginPage"/>
</testsuite> <!-- Test -->
