<?xml version="1.0" encoding="UTF-8"?>
<!-- Generated by org.testng.reporters.JUnitXMLReporter -->
<testsuite hostname="Lenovo-PC" ignored="0" name="Test" tests="4" failures="0" timestamp="27 Aug 2020 07:47:19 GMT" time="14.687" errors="0">
  <testcase name="login" time="1.111" classname="com.Project.Main.LoginPage"/>
  <testcase name="signup" time="0.999" classname="com.Project.Main.LoginPage"/>
  <testcase name="signup" time="0.954" classname="com.Project.Main.LoginPage"/>
  <testcase name="signup" time="0.928" classname="com.Project.Main.LoginPage"/>
</testsuite> <!-- Test -->
