<?xml version="1.0" encoding="UTF-8"?>
<testng-results skipped="0" failed="0" ignored="0" total="4" passed="4">
  <reporter-output>
  </reporter-output>
  <suite name="Suite" duration-ms="14687" started-at="2020-08-27T07:47:04Z" finished-at="2020-08-27T07:47:19Z">
    <groups>
    </groups>
    <test name="Test" duration-ms="14687" started-at="2020-08-27T07:47:04Z" finished-at="2020-08-27T07:47:19Z">
      <class name="com.Project.Main.LoginPage">
        <test-method status="PASS" signature="beforeClass()[pri:0, instance:com.Project.Main.LoginPage@6b143ee9]" name="beforeClass" is-config="true" duration-ms="5986" started-at="2020-08-27T13:17:04Z" finished-at="2020-08-27T13:17:10Z">
          <reporter-output>
          </reporter-output>
        </test-method> <!-- beforeClass -->
        <test-method status="PASS" signature="browser()[pri:0, instance:com.Project.Main.LoginPage@6b143ee9]" name="browser" is-config="true" duration-ms="2739" started-at="2020-08-27T13:17:10Z" finished-at="2020-08-27T13:17:13Z">
          <reporter-output>
          </reporter-output>
        </test-method> <!-- browser -->
        <test-method status="PASS" signature="login()[pri:0, instance:com.Project.Main.LoginPage@6b143ee9]" name="login" duration-ms="1111" started-at="2020-08-27T13:17:13Z" finished-at="2020-08-27T13:17:14Z">
          <reporter-output>
          </reporter-output>
        </test-method> <!-- login -->
        <test-method status="PASS" signature="browser()[pri:0, instance:com.Project.Main.LoginPage@6b143ee9]" name="browser" is-config="true" duration-ms="489" started-at="2020-08-27T13:17:14Z" finished-at="2020-08-27T13:17:14Z">
          <reporter-output>
          </reporter-output>
        </test-method> <!-- browser -->
        <test-method status="PASS" signature="signup(java.lang.String, java.lang.String)[pri:0, instance:com.Project.Main.LoginPage@6b143ee9]" name="signup" duration-ms="999" started-at="2020-08-27T13:17:14Z" data-provider="data" finished-at="2020-08-27T13:17:15Z">
          <params>
            <param index="0">
              <value>
                <![CDATA[admin]]>
              </value>
            </param>
            <param index="1">
              <value>
                <![CDATA[admin]]>
              </value>
            </param>
          </params>
          <reporter-output>
          </reporter-output>
        </test-method> <!-- signup -->
        <test-method status="PASS" signature="browser()[pri:0, instance:com.Project.Main.LoginPage@6b143ee9]" name="browser" is-config="true" duration-ms="263" started-at="2020-08-27T13:17:15Z" finished-at="2020-08-27T13:17:16Z">
          <reporter-output>
          </reporter-output>
        </test-method> <!-- browser -->
        <test-method status="PASS" signature="signup(java.lang.String, java.lang.String)[pri:0, instance:com.Project.Main.LoginPage@6b143ee9]" name="signup" duration-ms="954" started-at="2020-08-27T13:17:16Z" data-provider="data" finished-at="2020-08-27T13:17:17Z">
          <params>
            <param index="0">
              <value>
                <![CDATA[demo]]>
              </value>
            </param>
            <param index="1">
              <value>
                <![CDATA[demo]]>
              </value>
            </param>
          </params>
          <reporter-output>
          </reporter-output>
        </test-method> <!-- signup -->
        <test-method status="PASS" signature="browser()[pri:0, instance:com.Project.Main.LoginPage@6b143ee9]" name="browser" is-config="true" duration-ms="280" started-at="2020-08-27T13:17:17Z" finished-at="2020-08-27T13:17:17Z">
          <reporter-output>
          </reporter-output>
        </test-method> <!-- browser -->
        <test-method status="PASS" signature="signup(java.lang.String, java.lang.String)[pri:0, instance:com.Project.Main.LoginPage@6b143ee9]" name="signup" duration-ms="928" started-at="2020-08-27T13:17:17Z" data-provider="data" finished-at="2020-08-27T13:17:18Z">
          <params>
            <param index="0">
              <value>
                <![CDATA[devqa]]>
              </value>
            </param>
            <param index="1">
              <value>
                <![CDATA[devqa]]>
              </value>
            </param>
          </params>
          <reporter-output>
          </reporter-output>
        </test-method> <!-- signup -->
        <test-method status="PASS" signature="afterClass()[pri:0, instance:com.Project.Main.LoginPage@6b143ee9]" name="afterClass" is-config="true" duration-ms="883" started-at="2020-08-27T13:17:18Z" finished-at="2020-08-27T13:17:19Z">
          <reporter-output>
          </reporter-output>
        </test-method> <!-- afterClass -->
      </class> <!-- com.Project.Main.LoginPage -->
    </test> <!-- Test -->
  </suite> <!-- Suite -->
</testng-results>
